C51 COMPILER V9.54   IIC                                                                   08/27/2022 14:32:07 PAGE 1   


C51 COMPILER V9.54, COMPILATION OF MODULE IIC
OBJECT MODULE PLACED IN .\Objects\IIC.obj
COMPILER INVOKED BY: C:\Keil_v5\C51\BIN\C51.EXE annex\IIC.c OPTIMIZE(8,SPEED) BROWSE INCDIR(.\annex) DEBUG OBJECTEXTEND 
                    -PRINT(.\Listings\IIC.lst) OBJECT(.\Objects\IIC.obj)

line level    source

   1          #include<IIC.h>
   2          #include<reg52.h>
   3          sbit IIC_SCL=P1^0;//SCL时钟线
   4          sbit IIC_SDA=P1^1;//SDA数据线
   5          
   6          //延时函数，ten_us=1时，大约延时10us
   7          void Delay_10us(unsigned int ten_us)
   8          {
   9   1          while(ten_us--);
  10   1      }
  11          
  12          //产生IIC起始信号
  13          void iic_start(void)
  14          {
  15   1          IIC_SDA=1; 
  16   1          Delay_10us(1);
  17   1          IIC_SCL=1;
  18   1          Delay_10us(1);
  19   1          IIC_SDA=0; 
  20   1          Delay_10us(1);
  21   1          IIC_SCL=0; 
  22   1          Delay_10us(1);
  23   1      }
  24          // 函数功能: 产生IIC停止信号   
  25          void iic_stop(void)
  26          {
  27   1          IIC_SDA=0; 
  28   1           Delay_10us(1);
  29   1          IIC_SCL=1;
  30   1          Delay_10us(1);
  31   1          IIC_SDA=1; 
  32   1           Delay_10us(1);
  33   1      }
  34          //函数功能: 产生ACK应答  
  35          void iic_ack(void)
  36          {
  37   1          IIC_SCL=0;
  38   1          IIC_SDA=0; //SDA为低电平
  39   1              Delay_10us(1);
  40   1          IIC_SCL=1;
  41   1          Delay_10us(1);
  42   1          IIC_SCL=0;
  43   1      }
  44          // 函数功能: 产生NACK非应答  
  45          void iic_nack(void)
  46          {
  47   1          IIC_SCL=0;
  48   1          IIC_SDA=1; //SDA为高电平
  49   1           Delay_10us(1);
  50   1          IIC_SCL=1;
  51   1          Delay_10us(1);
  52   1          IIC_SCL=0;
  53   1      }
  54          // 函数功能: 等待应答信号到来   
C51 COMPILER V9.54   IIC                                                                   08/27/2022 14:32:07 PAGE 2   

  55          unsigned char iic_wait_ack(void)
  56          {
  57   1          unsigned char time_temp=0;
  58   1      
  59   1          IIC_SCL=1;
  60   1          Delay_10us(1);
  61   1          while(IIC_SDA) 
  62   1          {
  63   2              time_temp++;
  64   2              if(time_temp>100) 
  65   2              {
  66   3                  iic_stop();
  67   3                  return 1;
  68   3              }
  69   2          }
  70   1          IIC_SCL=0;
  71   1          return 0;
  72   1      }
  73          //函数功能: IIC发送一个字节 
  74          // 输出: 1，接收应答失败，0，接收应答成功
  75          void iic_write_byte(unsigned char dat)
  76          {
*** WARNING C235 IN LINE 76 OF annex\IIC.c: parameter 1: different types
  77   1          unsigned char i=0;
  78   1      
  79   1          IIC_SCL=0;
  80   1          for(i=0;i<8;i++) 
  81   1          {
  82   2              if((dat&0x80)>0)
  83   2                  IIC_SDA=1;
  84   2              else
  85   2                  IIC_SDA=0;
  86   2              dat<<=1;
  87   2              Delay_10us(1);
  88   2              IIC_SCL=1;
  89   2              Delay_10us(1);
  90   2              IIC_SCL=0;
  91   2              Delay_10us(1);
  92   2          }
  93   1      }
  94          //函数功能: IIC读一个字节 
  95          //输    入: ack=1时，发送ACK，ack=0，发送nACK 
  96          //输    出: 应答或非应答
  97          unsigned char iic_read_byte(unsigned char ack)
  98          {
  99   1          unsigned char i=0,receive=0;
 100   1      
 101   1          for(i=0;i<8;i++ )
 102   1          {
 103   2              IIC_SCL=0;
 104   2              Delay_10us(1);
 105   2              IIC_SCL=1;
 106   2              receive<<=1;
 107   2              if(IIC_SDA)receive++;
 108   2              Delay_10us(1);
 109   2          }
 110   1          if (!ack)
 111   1              iic_nack();
 112   1          else
 113   1              iic_ack();
 114   1      
 115   1          return receive;
C51 COMPILER V9.54   IIC                                                                   08/27/2022 14:32:07 PAGE 3   

 116   1      }
 117          
 118          
 119          


MODULE INFORMATION:   STATIC OVERLAYABLE
   CODE SIZE        =    184    ----
   CONSTANT SIZE    =   ----    ----
   XDATA SIZE       =   ----    ----
   PDATA SIZE       =   ----    ----
   DATA SIZE        =   ----    ----
   IDATA SIZE       =   ----    ----
   BIT SIZE         =   ----    ----
END OF MODULE INFORMATION.


C51 COMPILATION COMPLETE.  1 WARNING(S),  0 ERROR(S)
